-------------------------------------------------------------------------------
Test set: com.minikube.sample.MinikubeSampleApplicationTests
-------------------------------------------------------------------------------
Tests run: 1, Failures: 0, Errors: 1, Skipped: 0, Time elapsed: 0.025 s <<< FAILURE! - in com.minikube.sample.MinikubeSampleApplicationTests
initializationError  Time elapsed: 0.017 s  <<< ERROR!
org.springframework.beans.factory.BeanDefinitionStoreException: Failed to read candidate component class: file [/home/nrjydv/Downloads/mrdevops/mrdevops_java_app/target/test-classes/com/minikube/sample/MinikubeSampleApplicationTests.class]; nested exception is org.springframework.core.NestedIOException: ASM ClassReader failed to parse class file - probably due to a new Java class file version that isn't supported yet: file [/home/nrjydv/Downloads/mrdevops/mrdevops_java_app/target/test-classes/com/minikube/sample/MinikubeSampleApplicationTests.class]; nested exception is java.lang.IllegalArgumentException: Unsupported class file major version 61
Caused by: org.springframework.core.NestedIOException: ASM ClassReader failed to parse class file - probably due to a new Java class file version that isn't supported yet: file [/home/nrjydv/Downloads/mrdevops/mrdevops_java_app/target/test-classes/com/minikube/sample/MinikubeSampleApplicationTests.class]; nested exception is java.lang.IllegalArgumentException: Unsupported class file major version 61
Caused by: java.lang.IllegalArgumentException: Unsupported class file major version 61

